<?xml version="1.0" encoding="UTF-8"?>
<testng-results ignored="0" total="1" passed="1" failed="0" skipped="0">
  <reporter-output>
  </reporter-output>
  <suite started-at="2024-10-11T15:02:40 IST" name="Default suite" finished-at="2024-10-11T15:02:40 IST" duration-ms="32">
    <groups>
    </groups>
    <test started-at="2024-10-11T15:02:40 IST" name="Default test" finished-at="2024-10-11T15:02:40 IST" duration-ms="32">
      <class name="apiTests.UserTest">
        <test-method signature="testUserTasksCompletion()[pri:0, instance:apiTests.UserTest@55183b20]" started-at="2024-10-11T15:02:40 IST" name="testUserTasksCompletion" finished-at="2024-10-11T15:02:40 IST" duration-ms="11" status="PASS">
          <reporter-output>
          </reporter-output>
        </test-method> <!-- testUserTasksCompletion -->
      </class> <!-- apiTests.UserTest -->
    </test> <!-- Default test -->
  </suite> <!-- Default suite -->
</testng-results>
